<?xml version="1.0" encoding="UTF-8"?>
<testng-results skipped="0" failed="0" ignored="0" total="1" passed="1">
  <reporter-output>
  </reporter-output>
  <suite name="Default suite" duration-ms="5842" started-at="2021-06-21T08:08:22Z" finished-at="2021-06-21T08:08:28Z">
    <groups>
    </groups>
    <test name="Default test" duration-ms="5842" started-at="2021-06-21T08:08:22Z" finished-at="2021-06-21T08:08:28Z">
      <class name="examples.TestCases">
        <test-method status="PASS" signature="login()[pri:0, instance:examples.TestCases@5700d6b1]" name="login" duration-ms="5815" started-at="2021-06-21T13:38:22Z" finished-at="2021-06-21T13:38:28Z">
          <reporter-output>
          </reporter-output>
        </test-method> <!-- login -->
      </class> <!-- examples.TestCases -->
    </test> <!-- Default test -->
  </suite> <!-- Default suite -->
</testng-results>
